[read] start — 10726 bytes
---- BEGIN received.log ----
PVPHSROV 00:20:05 100.9 kPa -0.04 meters
MISSION_START
PVPHSROV 00:20:30 101.0 kPa -0.03 meters
PVPHSROV 00:21:00 100.6 kPa -0.07 meters
PVPHSROV 00:00:00 97.3 kPa -0.41 meters
PVPHSROV 00:00:05 97.3 kPa -0.41 meters
PVPHSROV 00:00:10 97.2 kPa -0.42 meters
PVPHSROV 00:00:15 97.3 kPa -0.41 meters
PVPHSROV 00:00:20 97.3 kPa -0.41 meters
PVPHSROV 00:00:25 97.2 kPa -0.42 meters
PVPHSROV 00:00:30 97.2 kPa -0.42 meters
PVPHSROV 00:00:35 97.2 kPa -0.42 meters
PVPHSROV 00:00:40 97.2 kPa -0.42 meters
PVPHSROV 00:00:45 97.2 kPa -0.42 meters
PVPHSROV 00:00:50 97.2 kPa -0.42 meters
PVPHSROV 00:00:55 97.2 kPa -0.42 meters
PVPHSROV 00:01:00 97.2 kPa -0.42 meters
PVPHSROV 00:01:05 97.1 kPa -0.43 meters
PVPHSROV 00:01:10 97.1 kPa -0.43 meters
PVPHSROV 00:01:15 97.1 kPa -0.43 meters
PVPHSROV 00:01:20 97.2 kPa -0.42 meters
PVPHSROV 00:01:25 97.1 kPa -0.43 meters
PVPHSROV 00:01:30 97.2 kPa -0.42 meters
PVPHSROV 00:01:35 97.1 kPa -0.43 meters
PVPHSROV 00:01:40 97.1 kPa -0.43 meters
PVPHSROV 00:01:45 97.1 kPa -0.43 meters
PVPHSROV 00:01:50 97.1 kPa -0.43 meters
PVPHSROV 00:01:55 97.1 kPa -0.43 meters
PVPHSROV 00:02:00 97.1 kPa -0.43 meters
PVPHSROV 00:02:05 97.1 kPa -0.43 meters
PVPHSROV 00:02:10 97.1 kPa -0.43 meters
PVPHSROV 00:02:15 97.1 kPa -0.43 meters
PVPHSROV 00:02:20 97.1 kPa -0.43 meters
PVPHSROV 00:02:25 97.0 kPa -0.44 meters
PVPHSROV 00:02:30 97.0 kPa -0.44 meters
PVPHSROV 00:02:35 97.0 kPa -0.44 meters
PVPHSROV 00:02:40 97.0 kPa -0.44 meters
PVPHSROV 00:02:45 97.0 kPa -0.44 meters
PVPHSROV 00:02:50 97.0 kPa -0.44 meters
PVPHSROV 00:02:55 97.0 kPa -0.44 meters
PVPHSROV 00:03:00 97.0 kPa -0.44 meters
PVPHSROV 00:03:05 97.3 kPa -0.41 meters
PVPHSROV 00:03:10 99.0 kPa -0.24 meters
PVPHSROV 00:03:15 97.1 kPa -0.43 meters
PVPHSROV 00:03:20 100.7 kPa -0.06 meters
PVPHSROV 00:03:25 100.8 kPa -0.05 meters
PVPHSROV 00:03:30 97.3 kPa -0.40 meters
PVPHSROV 00:03:35 97.1 kPa -0.43 meters
PVPHSROV 00:03:40 97.1 kPa -0.43 meters
PVPHSROV 00:03:45 97.1 kPa -0.43 meters
PVPHSROV 00:03:50 97.1 kPa -0.43 meters
PVPHSROV 00:03:55 97.1 kPa -0.43 meters
PVPHSROV 00:04:00 97.1 kPa -0.43 meters
PVPHSROV 00:04:05 97.1 kPa -0.43 meters
PVPHSROV 00:04:10 97.0 kPa -0.44 meters
PVPHSROV 00:04:15 97.0 kPa -0.44 meters
PVPHSROV 00:04:20 97.1 kPa -0.43 meters
PVPHSROV 00:04:25 97.0 kPa -0.44 meters
PVPHSROV 00:04:30 97.0 kPa -0.44 meters
PVPHSROV 00:04:35 97.0 kPa -0.44 meters
PVPHSROV 00:04:40 97.0 kPa -0.44 meters
PVPHSROV 00:04:45 97.0 kPa -0.44 meters
PVPHSROV 00:04:50 97.0 kPa -0.44 meters
PVPHSROV 00:04:55 97.0 kPa -0.44 meters
PVPHSROV 00:05:00 97.1 kPa -0.43 meters
PVPHSROV 00:05:05 97.0 kPa -0.44 meters
PVPHSROV 00:05:10 97.0 kPa -0.44 meters
PVPHSROV 00:05:15 97.0 kPa -0.44 meters
PVPHSROV 00:05:20 97.0 kPa -0.44 meters
PVPHSROV 00:05:25 97.0 kPa -0.44 meters
PVPHSROV 00:05:30 97.0 kPa -0.44 meters
PVPHSROV 00:05:35 97.0 kPa -0.44 meters
PVPHSROV 00:05:40 97.0 kPa -0.44 meters
PVPHSROV 00:05:45 97.0 kPa -0.44 meters
PVPHSROV 00:05:50 97.0 kPa -0.44 meters
PVPHSROV 00:05:55 98.6 kPa -0.27 meters
PVPHSROV 00:06:00 99.8 kPa -0.15 meters
PVPHSROV 00:06:05 99.9 kPa -0.14 meters
PVPHSROV 00:06:10 99.9 kPa -0.15 meters
PVPHSROV 00:06:15 100.0 kPa -0.14 meters
PVPHSROV 00:06:20 99.9 kPa -0.14 meters
PVPHSROV 00:06:25 100.0 kPa -0.14 meters
PVPHSROV 00:06:30 99.9 kPa -0.15 meters
PVPHSROV 00:06:35 99.9 kPa -0.14 meters
PVPHSROV 00:06:40 97.6 kPa -0.38 meters
PVPHSROV 00:06:45 99.0 kPa -0.24 meters
PVPHSROV 00:06:50 100.3 kPa -0.10 meters
PVPHSROV 00:06:55 100.1 kPa -0.12 meters
PVPHSROV 00:07:00 99.8 kPa -0.15 meters
PVPHSROV 00:07:05 97.1 kPa -0.43 meters
PVPHSROV 00:07:10 97.1 kPa -0.43 meters
PVPHSROV 00:07:15 97.1 kPa -0.43 meters
PVPHSROV 00:07:20 97.1 kPa -0.43 meters
PVPHSROV 00:07:25 97.1 kPa -0.43 meters
PVPHSROV 00:07:30 97.1 kPa -0.43 meters
PVPHSROV 00:07:35 97.1 kPa -0.43 meters
PVPHSROV 00:07:40 97.1 kPa -0.43 meters
PVPHSROV 00:07:45 97.1 kPa -0.43 meters
PVPHSROV 00:07:50 99.7 kPa -0.16 meters
PVPHSROV 00:07:55 101.1 kPa -0.03 meters
PVPHSROV 00:08:00 100.3 kPa -0.10 meters
PVPHSROV 00:08:05 100.2 kPa -0.11 meters
PVPHSROV 00:08:10 100.1 kPa -0.12 meters
PVPHSROV 00:08:15 100.2 kPa -0.11 meters
PVPHSROV 00:08:20 100.1 kPa -0.12 meters
PVPHSROV 00:08:25 100.2 kPa -0.11 meters
PVPHSROV 00:08:30 100.3 kPa -0.10 meters
PVPHSROV 00:08:35 99.3 kPa -0.20 meters
PVPHSROV 00:08:40 100.1 kPa -0.12 meters
PVPHSROV 00:08:45 100.7 kPa -0.06 meters
PVPHSROV 00:08:50 100.3 kPa -0.10 meters
PVPHSROV 00:08:55 100.2 kPa -0.11 meters
PVPHSROV 00:09:00 100.3 kPa -0.10 meters
PVPHSROV 00:09:05 99.8 kPa -0.15 meters
PVPHSROV 00:09:10 99.8 kPa -0.15 meters
PVPHSROV 00:09:15 97.1 kPa -0.43 meters
PVPHSROV 00:09:20 97.1 kPa -0.43 meters
PVPHSROV 00:09:25 97.1 kPa -0.43 meters
PVPHSROV 00:09:30 97.1 kPa -0.43 meters
PVPHSROV 00:09:35 97.1 kPa -0.43 meters
PVPHSROV 00:09:40 97.1 kPa -0.43 meters
PVPHSROV 00:09:45 97.0 kPa -0.44 meters
PVPHSROV 00:09:50 97.0 kPa -0.44 meters
PVPHSROV 00:09:55 97.1 kPa -0.43 meters
PVPHSROV 00:10:00 103.8 kPa 0.26 meters
PVPHSROV 00:10:05 104.0 kPa 0.28 meters
PVPHSROV 00:10:10 104.0 kPa 0.28 meters
PVPHSROV 00:10:15 104.0 kPa 0.28 meters
PVPHSROV 00:10:20 104.0 kPa 0.27 meters
PVPHSROV 00:10:25 104.0 kPa 0.27 meters
PVPHSROV 00:10:30 100.2 kPa -0.11 meters
PVPHSROV 00:10:35 104.4 kPa 0.32 meters
PVPHSROV 00:10:40 101.6 kPa 0.03 meters
PVPHSROV 00:10:45 101.4 kPa 0.01 meters
PVPHSROV 00:10:50 100.5 kPa -0.08 meters
PVPHSROV 00:10:55 100.2 kPa -0.11 meters
PVPHSROV 00:11:00 97.8 kPa -0.35 meters
PVPHSROV 00:11:05 97.2 kPa -0.42 meters
PVPHSROV 00:11:10 97.2 kPa -0.42 meters
PVPHSROV 00:11:19 99.4 kPa -0.19 meters
PVPHSROV 00:11:20 101.3 kPa 0.01 meters
PVPHSROV 00:11:25 100.2 kPa -0.11 meters
PVPHSROV 00:11:30 98.5 kPa -0.29 meters
PVPHSROV 00:11:35 97.2 kPa -0.42 meters
PVPHSROV 00:11:40 97.1 kPa -0.43 meters
PVPHSROV 00:11:45 97.2 kPa -0.42 meters
PVPHSROV 00:11:50 97.1 kPa -0.43 meters
PVPHSROV 00:11:55 97.2 kPa -0.42 meters
PVPHSROV 00:12:00 97.1 kPa -0.43 meters
PVPHSROV 00:12:05 97.1 kPa -0.43 meters
PVPHSROV 00:12:10 103.9 kPa 0.27 meters
PVPHSROV 00:12:15 104.0 kPa 0.27 meters
PVPHSROV 00:12:20 103.9 kPa 0.27 meters
PVPHSROV 00:12:25 103.9 kPa 0.27 meters
PVPHSROV 00:12:30 104.0 kPa 0.28 meters
PVPHSROV 00:12:35 104.0 kPa 0.27 meters
PVPHSROV 00:12:40 104.0 kPa 0.27 meters
PVPHSROV 00:12:45 103.9 kPa 0.27 meters
PVPHSROV 00:12:50 104.0 kPa 0.27 meters
PVPHSROV 00:12:55 103.9 kPa 0.27 meters
PVPHSROV 00:13:00 104.0 kPa 0.27 meters
PVPHSROV 00:13:05 104.0 kPa 0.27 meters
PVPHSROV 00:13:10 103.9 kPa 0.27 meters
PVPHSROV 00:13:15 104.0 kPa 0.28 meters
PVPHSROV 00:13:20 103.9 kPa 0.26 meters
PVPHSROV 00:13:25 103.9 kPa 0.26 meters
PVPHSROV 00:13:30 103.9 kPa 0.27 meters
PVPHSROV 00:13:35 103.9 kPa 0.27 meters
PVPHSROV 00:13:40 104.0 kPa 0.27 meters
PVPHSROV 00:13:45 97.1 kPa -0.43 meters
PVPHSROV 00:13:50 97.1 kPa -0.43 meters
PVPHSROV 00:13:55 97.1 kPa -0.43 meters
PVPHSROV 00:14:00 97.2 kPa -0.42 meters
PVPHSROV 00:14:05 97.2 kPa -0.42 meters
PVPHSROV 00:14:10 97.1 kPa -0.43 meters
PVPHSROV 00:14:15 97.1 kPa -0.43 meters
PVPHSROV 00:14:20 97.1 kPa -0.43 meters
PVPHSROV 00:14:25 97.1 kPa -0.43 meters
PVPHSROV 00:14:30 99.1 kPa -0.23 meters
PVPHSROV 00:14:35 105.0 kPa 0.38 meters
PVPHSROV 00:14:40 105.0 kPa 0.38 meters
PVPHSROV 00:14:45 105.0 kPa 0.38 meters
PVPHSROV 00:14:50 105.1 kPa 0.38 meters
PVPHSROV 00:14:55 102.0 kPa 0.07 meters
PVPHSROV 00:15:00 97.1 kPa -0.43 meters
PVPHSROV 00:15:05 97.1 kPa -0.43 meters
PVPHSROV 00:15:10 99.9 kPa -0.14 meters
PVPHSROV 00:15:15 100.2 kPa -0.11 meters
PVPHSROV 00:15:20 97.2 kPa -0.42 meters
PVPHSROV 00:15:25 97.2 kPa -0.42 meters
PVPHSROV 00:15:30 97.1 kPa -0.43 meters
PVPHSROV 00:15:35 97.1 kPa -0.43 meters
PVPHSROV 00:15:40 97.1 kPa -0.43 meters
PVPHSROV 00:15:45 100.9 kPa -0.05 meters
PVPHSROV 00:15:50 100.2 kPa -0.12 meters
PVPHSROV 00:15:55 100.4 kPa -0.10 meters
PVPHSROV 00:16:00 100.3 kPa -0.10 meters
PVPHSROV 00:16:05 100.3 kPa -0.10 meters
PVPHSROV 00:16:10 100.3 kPa -0.11 meters
PVPHSROV 00:16:15 100.2 kPa -0.11 meters
PVPHSROV 00:16:20 100.2 kPa -0.11 meters
PVPHSROV 00:16:25 100.3 kPa -0.10 meters
PVPHSROV 00:16:30 100.2 kPa -0.12 meters
PVPHSROV 00:16:35 100.3 kPa -0.10 meters
PVPHSROV 00:16:40 100.5 kPa -0.08 meters
PVPHSROV 00:16:45 97.8 kPa -0.36 meters
PVPHSROV 00:16:50 97.1 kPa -0.43 meters
PVPHSROV 00:16:55 97.1 kPa -0.43 meters
PVPHSROV 00:17:00 101.4 kPa 0.01 meters
PVPHSROV 00:17:05 104.7 kPa 0.35 meters
PVPHSROV 00:17:10 100.5 kPa -0.08 meters
PVPHSROV 00:17:15 104.8 kPa 0.36 meters
PVPHSROV 00:17:20 101.0 kPa -0.03 meters
PVPHSROV 00:17:25 104.6 kPa 0.34 meters
PVPHSROV 00:17:30 97.5 kPa -0.39 meters
PVPHSROV 00:17:43 97.3 kPa -0.41 meters
PVPHSROV 00:17:43 97.2 kPa -0.42 meters
PVPHSROV 00:17:45 97.2 kPa -0.42 meters
PVPHSROV 00:17:50 97.2 kPa -0.42 meters
PVPHSROV 00:17:55 97.2 kPa -0.42 meters
PVPHSROV 00:18:00 97.2 kPa -0.42 meters
PVPHSROV 00:18:05 97.2 kPa -0.42 meters
PVPHSROV 00:18:10 97.2 kPa -0.42 meters
PVPHSROV 00:18:15 97.2 kPa -0.42 meters
PVPHSROV 00:18:20 97.2 kPa -0.42 meters
PVPHSROV 00:18:25 97.2 kPa -0.42 meters
PVPHSROV 00:18:30 97.2 kPa -0.42 meters
PVPHSROV 00:18:35 97.2 kPa -0.42 meters
PVPHSROV 00:18:40 97.2 kPa -0.42 meters
PVPHSROV 00:18:45 97.2 kPa -0.42 meters
PVPHSROV 00:18:50 97.1 kPa -0.43 meters
PVPHSROV 00:18:55 97.2 kPa -0.42 meters
PVPHSROV 00:19:00 97.3 kPa -0.41 meters
PVPHSROV 00:19:05 97.2 kPa -0.42 meters
PVPHSROV 00:19:10 97.2 kPa -0.42 meters
PVPHSROV 00:19:15 97.2 kPa -0.42 meters
PVPHSROV 00:19:20 97.2 kPa -0.42 meters
PVPHSROV 00:19:25 97.2 kPa -0.42 meters
PVPHSROV 00:19:30 97.2 kPa -0.42 meters
PVPHSROV 00:19:35 97.1 kPa -0.43 meters
PVPHSROV 00:19:40 97.1 kPa -0.43 meters
PVPHSROV 00:19:45 97.1 kPa -0.43 meters
PVPHSROV 00:19:50 97.1 kPa -0.43 meters
PVPHSROV 00:19:55 97.1 kPa -0.43 meters
PVPHSROV 00:20:00 101.0 kPa -0.03 meters
PVPHSROV 00:20:05 100.9 kPa -0.04 meters
PVPHSROV 00:20:10 101.0 kPa -0.03 meters
PVPHSROV 00:20:15 101.1 kPa -0.02 meters
PVPHSROV 00:20:20 101.0 kPa -0.03 meters
PVPHSROV 00:20:25 100.9 kPa -0.04 meters
PVPHSROV 00:20:30 101.0 kPa -0.03 meters
PVPHSROV 00:20:35 101.0 kPa -0.03 meters
PVPHSROV 00:20:40 101.0 kPa -0.04 meters
PVPHSROV 00:20:45 102.3 kPa 0.10 meters
PVPHSROV 00:20:50 104.0 kPa 0.28 meters
PVPHSROV 00:20:55 104.0 kPa 0.27 meters
PVPHSROV 00:21:00 100.6 kPa -0.07 meters
PVPHSROV 00:21:14 97.3 kPa -0.41 meters
PVPHSROV 00:21:15 97.2 kPa -0.42 meters
PVPHSROV 00:21:16 97.3 kPa -0.41 meters
PVPHSROV 00:21:20 97.2 kPa -0.42 meters
---- END received.log ----
